<?xml version="1.0" encoding="UTF-8"?>
<!-- Generated by org.testng.reporters.JUnitReportReporter -->
<testsuite hostname="admin01026s-MacBook-Air.local" failures="0" tests="1" name="tests.BaseClass" time="0.031" errors="0" timestamp="09 Sep 2021 04:38:16 GMT" skipped="0">
  <testcase classname="tests.BaseClass" name="sampleTest" time="0.031"/>
</testsuite> <!-- tests.BaseClass -->
